/Applications/CLion.app/Contents/bin/cmake/mac/bin/cmake -DCMAKE_BUILD_TYPE=Debug -DCMAKE_MAKE_PROGRAM=/Applications/CLion.app/Contents/bin/ninja/mac/ninja -G Ninja -S /Users/xupeng/Documents/leetcode_library/no_202 -B /Users/xupeng/Documents/leetcode_library/no_202/cmake-build-debug
CMake Warning at /Applications/CLion.app/Contents/bin/cmake/mac/share/cmake-3.26/Modules/Platform/Darwin-Initialize.cmake:303 (message):
  Ignoring CMAKE_OSX_SYSROOT value:

   /Library/Developer/CommandLineTools/SDKs/MacOSX13.1.sdk

  because the directory does not exist.
Call Stack (most recent call first):
  /Applications/CLion.app/Contents/bin/cmake/mac/share/cmake-3.26/Modules/CMakeSystemSpecificInitialize.cmake:21 (include)
  CMakeLists.txt:2 (project)


-- The C compiler identification is AppleClang 13.1.6.13160021
-- Detecting C compiler ABI info
-- Detecting C compiler ABI info - failed
-- Check for working C compiler: /Library/Developer/CommandLineTools/usr/bin/cc
-- Check for working C compiler: /Library/Developer/CommandLineTools/usr/bin/cc - broken
CMake Error at /Applications/CLion.app/Contents/bin/cmake/mac/share/cmake-3.26/Modules/CMakeTestCCompiler.cmake:67 (message):
  The C compiler

    "/Library/Developer/CommandLineTools/usr/bin/cc"

  is not able to compile a simple test program.

  It fails with the following output:

    Change Dir: /Users/xupeng/Documents/leetcode_library/no_202/cmake-build-debug/CMakeFiles/CMakeScratch/TryCompile-PKGtlR
    
    Run Build Command(s):/Applications/CLion.app/Contents/bin/ninja/mac/ninja -v cmTC_b047c && [1/2] /Library/Developer/CommandLineTools/usr/bin/cc   -arch arm64 -fcolor-diagnostics -MD -MT CMakeFiles/cmTC_b047c.dir/testCCompiler.c.o -MF CMakeFiles/cmTC_b047c.dir/testCCompiler.c.o.d -o CMakeFiles/cmTC_b047c.dir/testCCompiler.c.o -c /Users/xupeng/Documents/leetcode_library/no_202/cmake-build-debug/CMakeFiles/CMakeScratch/TryCompile-PKGtlR/testCCompiler.c
    [2/2] : && /Library/Developer/CommandLineTools/usr/bin/cc -arch arm64 -Wl,-search_paths_first -Wl,-headerpad_max_install_names  CMakeFiles/cmTC_b047c.dir/testCCompiler.c.o -o cmTC_b047c   && :
    FAILED: cmTC_b047c 
    : && /Library/Developer/CommandLineTools/usr/bin/cc -arch arm64 -Wl,-search_paths_first -Wl,-headerpad_max_install_names  CMakeFiles/cmTC_b047c.dir/testCCompiler.c.o -o cmTC_b047c   && :
    ld: library not found for -lSystem
    clang: error: linker command failed with exit code 1 (use -v to see invocation)
    ninja: build stopped: subcommand failed.
    
    

  

  CMake will not be able to correctly generate this project.
Call Stack (most recent call first):
  CMakeLists.txt:2 (project)


-- Configuring incomplete, errors occurred!
